<?xml version="1.0" encoding="UTF-8" ?>
<testsuite tests="5" failures="0" name="com.fgieracki.CardTest" time="0.019" errors="0" skipped="0">
  <properties>
[...]
</properties>
  <testcase classname="com.fgieracki.CardTest" name="testToString" time="0.017"/>
  <testcase classname="com.fgieracki.CardTest" name="descendingCompare" time="0"/>
  <testcase classname="com.fgieracki.CardTest" name="testEquals" time="0.002"/>
  <testcase classname="com.fgieracki.CardTest" name="rankToString" time="0"/>
  <testcase classname="com.fgieracki.CardTest" name="suitToString" time="0"/>
</testsuite>